2023-01-18 04:38:42 error: [Cake\Database\Exception\MissingConnectionException] Connection to Mysql could not be established: SQLSTATE[HY000] [1049] Unknown database 'Assignment' in /var/www/html/Assignment/vendor/cakephp/cakephp/src/Database/Driver.php on line 133
Exception Attributes: array (
  'driver' => 'Mysql',
  'reason' => 'SQLSTATE[HY000] [1049] Unknown database \'Assignment\'',
)
Stack Trace:
- /var/www/html/Assignment/vendor/cakephp/cakephp/src/Database/Driver/Mysql.php:164
- /var/www/html/Assignment/vendor/cakephp/cakephp/src/Database/Schema/SchemaDialect.php:51
- /var/www/html/Assignment/vendor/cakephp/cakephp/src/Database/Driver/Mysql.php:216
- /var/www/html/Assignment/vendor/cakephp/cakephp/src/Database/Schema/Collection.php:53
- /var/www/html/Assignment/vendor/cakephp/cakephp/src/Database/Connection.php:418
- /var/www/html/Assignment/vendor/cakephp/bake/src/Command/ModelCommand.php:87
- /var/www/html/Assignment/vendor/cakephp/bake/src/Command/AllCommand.php:115
- /var/www/html/Assignment/vendor/cakephp/cakephp/src/Console/BaseCommand.php:189
- /var/www/html/Assignment/vendor/cakephp/cakephp/src/Console/CommandRunner.php:334
- /var/www/html/Assignment/vendor/cakephp/cakephp/src/Console/CommandRunner.php:172
- /var/www/html/Assignment/bin/cake.php:12

Caused by: [PDOException] SQLSTATE[HY000] [1049] Unknown database 'Assignment' in /var/www/html/Assignment/vendor/cakephp/cakephp/src/Database/Driver.php on line 125
Stack Trace:
- /var/www/html/Assignment/vendor/cakephp/cakephp/src/Database/Driver.php:125
- /var/www/html/Assignment/vendor/cakephp/cakephp/src/Core/Retry/CommandRetry.php:70
- /var/www/html/Assignment/vendor/cakephp/cakephp/src/Database/Driver.php:131
- /var/www/html/Assignment/vendor/cakephp/cakephp/src/Database/Driver/Mysql.php:164
- /var/www/html/Assignment/vendor/cakephp/cakephp/src/Database/Schema/SchemaDialect.php:51
- /var/www/html/Assignment/vendor/cakephp/cakephp/src/Database/Driver/Mysql.php:216
- /var/www/html/Assignment/vendor/cakephp/cakephp/src/Database/Schema/Collection.php:53
- /var/www/html/Assignment/vendor/cakephp/cakephp/src/Database/Connection.php:418
- /var/www/html/Assignment/vendor/cakephp/bake/src/Command/ModelCommand.php:87
- /var/www/html/Assignment/vendor/cakephp/bake/src/Command/AllCommand.php:115
- /var/www/html/Assignment/vendor/cakephp/cakephp/src/Console/BaseCommand.php:189
- /var/www/html/Assignment/vendor/cakephp/cakephp/src/Console/CommandRunner.php:334
- /var/www/html/Assignment/vendor/cakephp/cakephp/src/Console/CommandRunner.php:172
- /var/www/html/Assignment/bin/cake.php:12

